Lints for rule trim_galore (line 59, /home/epigenetics/Desktop/oracle-histone-chip/Snakefile):
    * Param outdir is a prefix of input or output file but hardcoded:
      If this is meant to represent a file path prefix, it will fail when
      running workflow in environments without a shared filesystem. Instead,
      provide a function that infers the appropriate prefix from the input or
      output file, e.g.: lambda w, input: os.path.splitext(input[0])[0]
      Also see:
      https://snakemake.readthedocs.io/en/stable/snakefiles/rules.html#non-file-parameters-for-rules
      https://snakemake.readthedocs.io/en/stable/tutorial/advanced.html#tutorial-input-functions

Lints for rule build_sample_sheets (line 207, /home/epigenetics/Desktop/oracle-histone-chip/Snakefile):
    * No log directive defined:
      Without a log directive, all output will be printed to the terminal. In
      distributed environments, this means that errors are harder to discover.
      In local environments, output of concurrent jobs will be mixed and become
      unreadable.
      Also see:
      https://snakemake.readthedocs.io/en/stable/snakefiles/rules.html#log-files

Lints for rule homer_motif (line 218, /home/epigenetics/Desktop/oracle-histone-chip/Snakefile):
    * Param outdir is a prefix of input or output file but hardcoded:
      If this is meant to represent a file path prefix, it will fail when
      running workflow in environments without a shared filesystem. Instead,
      provide a function that infers the appropriate prefix from the input or
      output file, e.g.: lambda w, input: os.path.splitext(input[0])[0]
      Also see:
      https://snakemake.readthedocs.io/en/stable/snakefiles/rules.html#non-file-parameters-for-rules
      https://snakemake.readthedocs.io/en/stable/tutorial/advanced.html#tutorial-input-functions

Lints for rule run_diffbind (line 236, /home/epigenetics/Desktop/oracle-histone-chip/Snakefile):
    * Param outdir is a prefix of input or output file but hardcoded:
      If this is meant to represent a file path prefix, it will fail when
      running workflow in environments without a shared filesystem. Instead,
      provide a function that infers the appropriate prefix from the input or
      output file, e.g.: lambda w, input: os.path.splitext(input[0])[0]
      Also see:
      https://snakemake.readthedocs.io/en/stable/snakefiles/rules.html#non-file-parameters-for-rules
      https://snakemake.readthedocs.io/en/stable/tutorial/advanced.html#tutorial-input-functions

Lints for rule salmon_quant (line 285, /home/epigenetics/Desktop/oracle-histone-chip/Snakefile):
    * Param outdir is a prefix of input or output file but hardcoded:
      If this is meant to represent a file path prefix, it will fail when
      running workflow in environments without a shared filesystem. Instead,
      provide a function that infers the appropriate prefix from the input or
      output file, e.g.: lambda w, input: os.path.splitext(input[0])[0]
      Also see:
      https://snakemake.readthedocs.io/en/stable/snakefiles/rules.html#non-file-parameters-for-rules
      https://snakemake.readthedocs.io/en/stable/tutorial/advanced.html#tutorial-input-functions

Lints for rule rnaseq_deseq2 (line 304, /home/epigenetics/Desktop/oracle-histone-chip/Snakefile):
    * Param outdir is a prefix of input or output file but hardcoded:
      If this is meant to represent a file path prefix, it will fail when
      running workflow in environments without a shared filesystem. Instead,
      provide a function that infers the appropriate prefix from the input or
      output file, e.g.: lambda w, input: os.path.splitext(input[0])[0]
      Also see:
      https://snakemake.readthedocs.io/en/stable/snakefiles/rules.html#non-file-parameters-for-rules
      https://snakemake.readthedocs.io/en/stable/tutorial/advanced.html#tutorial-input-functions

Lints for rule integrative_analysis (line 323, /home/epigenetics/Desktop/oracle-histone-chip/Snakefile):
    * Param outdir is a prefix of input or output file but hardcoded:
      If this is meant to represent a file path prefix, it will fail when
      running workflow in environments without a shared filesystem. Instead,
      provide a function that infers the appropriate prefix from the input or
      output file, e.g.: lambda w, input: os.path.splitext(input[0])[0]
      Also see:
      https://snakemake.readthedocs.io/en/stable/snakefiles/rules.html#non-file-parameters-for-rules
      https://snakemake.readthedocs.io/en/stable/tutorial/advanced.html#tutorial-input-functions

